<?xml version="1.0" encoding="UTF-8"?>
<!-- Generated by org.testng.reporters.JUnitXMLReporter -->
<testsuite ignored="0" hostname="DESKTOP-ZEN" failures="2" tests="2" name="Default test" time="29.607" errors="0" timestamp="2022-09-20T14:16:56 WIB">
  <testcase classname="io.cucumber.testng.AbstractTestNGCucumberTests" name="runScenario" time="24.684">
    <failure type="java.lang.NullPointerException" message="Cannot invoke &amp;quot;com.relevantcodes.extentreports.ExtentTest.log(com.relevantcodes.extentreports.LogStatus, String)&amp;quot; because &amp;quot;com.juaracoding.pageobject.demoqa.TestShopping.extentTest&amp;quot; is null">
      <![CDATA[java.lang.NullPointerException: Cannot invoke "com.relevantcodes.extentreports.ExtentTest.log(com.relevantcodes.extentreports.LogStatus, String)" because "com.juaracoding.pageobject.demoqa.TestShopping.extentTest" is null
at com.juaracoding.pageobject.demoqa.TestShopping.user_go_to_shop_web(TestShopping.java:32)
at ✽.user go to shop web(file:///C:/Users/ZB/eclipse-workspace/cucumber-testing/src/test/resources/features/3.Shopping.feature:5)
]]>
    </failure>
  </testcase> <!-- runScenario -->
  <testcase classname="io.cucumber.testng.AbstractTestNGCucumberTests" name="runScenario" time="0.734">
    <failure type="java.lang.NullPointerException" message="Cannot invoke &amp;quot;com.relevantcodes.extentreports.ExtentTest.log(com.relevantcodes.extentreports.LogStatus, String)&amp;quot; because &amp;quot;com.juaracoding.pageobject.demoqa.TestShopping.extentTest&amp;quot; is null">
      <![CDATA[java.lang.NullPointerException: Cannot invoke "com.relevantcodes.extentreports.ExtentTest.log(com.relevantcodes.extentreports.LogStatus, String)" because "com.juaracoding.pageobject.demoqa.TestShopping.extentTest" is null
at com.juaracoding.pageobject.demoqa.TestShopping.user_go_to_shop_web(TestShopping.java:32)
at ✽.user go to shop web(file:///C:/Users/ZB/eclipse-workspace/cucumber-testing/src/test/resources/features/3.Shopping.feature:12)
]]>
    </failure>
  </testcase> <!-- runScenario -->
</testsuite> <!-- Default test -->
